  Flight.cpp
  functions.cpp
C:\Users\i15pi\source\repos\ProjectFlyRez\ProjectFlyRez\stdafx.h(5,10): fatal error C1083: Nie można otworzyć pliku dołącz: 'mysql.h': No such file or directory
  Interface.cpp
C:\Users\i15pi\source\repos\ProjectFlyRez\ProjectFlyRez\stdafx.h(5,10): fatal error C1083: Nie można otworzyć pliku dołącz: 'mysql.h': No such file or directory
  Passenger.cpp
C:\Users\i15pi\source\repos\ProjectFlyRez\ProjectFlyRez\stdafx.h(5,10): fatal error C1083: Nie można otworzyć pliku dołącz: 'mysql.h': No such file or directory
C:\Users\i15pi\source\repos\ProjectFlyRez\ProjectFlyRez\Passenger.h(6,7): error C2039: „string”: Nie jest składową „std”
C:\Users\i15pi\source\repos\ProjectFlyRez\ProjectFlyRez\predefined C++ types (compiler internal)(349): message : zobacz deklarację „std”
C:\Users\i15pi\source\repos\ProjectFlyRez\ProjectFlyRez\Passenger.h(6,18): error C3646: "name": nieznany specyfikator przesłonięcia
C:\Users\i15pi\source\repos\ProjectFlyRez\ProjectFlyRez\Passenger.h(6,18): error C4430: brak specyfikatora typu - założono, że int. Uwaga: C++ nie obsługuje domyślnie typu int
C:\Users\i15pi\source\repos\ProjectFlyRez\ProjectFlyRez\Passenger.h(7,7): error C2039: „string”: Nie jest składową „std”
C:\Users\i15pi\source\repos\ProjectFlyRez\ProjectFlyRez\predefined C++ types (compiler internal)(349): message : zobacz deklarację „std”
C:\Users\i15pi\source\repos\ProjectFlyRez\ProjectFlyRez\Passenger.h(7,21): error C3646: "surname": nieznany specyfikator przesłonięcia
C:\Users\i15pi\source\repos\ProjectFlyRez\ProjectFlyRez\Passenger.h(7,21): error C4430: brak specyfikatora typu - założono, że int. Uwaga: C++ nie obsługuje domyślnie typu int
C:\Users\i15pi\source\repos\ProjectFlyRez\ProjectFlyRez\Passenger.h(8,7): error C2039: „string”: Nie jest składową „std”
C:\Users\i15pi\source\repos\ProjectFlyRez\ProjectFlyRez\predefined C++ types (compiler internal)(349): message : zobacz deklarację „std”
C:\Users\i15pi\source\repos\ProjectFlyRez\ProjectFlyRez\Passenger.h(8,22): error C3646: "password": nieznany specyfikator przesłonięcia
  ProjectFlyRez.cpp
C:\Users\i15pi\source\repos\ProjectFlyRez\ProjectFlyRez\Passenger.h(8,22): error C4430: brak specyfikatora typu - założono, że int. Uwaga: C++ nie obsługuje domyślnie typu int
  TableBase.cpp
  Tickets.cpp
C:\Users\i15pi\source\repos\ProjectFlyRez\ProjectFlyRez\stdafx.h(5,10): fatal error C1083: Nie można otworzyć pliku dołącz: 'mysql.h': No such file or directory
